Determining if the pthread_create exist failed with the following output:
Change Dir: /home/wangyuanqi/code/code/sgm_12_30/new_camera_code/cmake-build-debug/CMakeFiles/CMakeTmp

Run Build Command:"/usr/bin/make" "cmTC_d6389/fast"
/usr/bin/make -f CMakeFiles/cmTC_d6389.dir/build.make CMakeFiles/cmTC_d6389.dir/build
make[1]: Entering directory '/home/wangyuanqi/code/code/sgm_12_30/new_camera_code/cmake-build-debug/CMakeFiles/CMakeTmp'
Building C object CMakeFiles/cmTC_d6389.dir/CheckSymbolExists.c.o
/usr/bin/cc   -fPIC    -o CMakeFiles/cmTC_d6389.dir/CheckSymbolExists.c.o   -c /home/wangyuanqi/code/code/sgm_12_30/new_camera_code/cmake-build-debug/CMakeFiles/CMakeTmp/CheckSymbolExists.c
Linking C executable cmTC_d6389
/home/Jet/clion-2018.3.4/bin/cmake/linux/bin/cmake -E cmake_link_script CMakeFiles/cmTC_d6389.dir/link.txt --verbose=1
/usr/bin/cc -fPIC     -rdynamic CMakeFiles/cmTC_d6389.dir/CheckSymbolExists.c.o  -o cmTC_d6389 
CMakeFiles/cmTC_d6389.dir/CheckSymbolExists.c.o: In function `main':
CheckSymbolExists.c:(.text+0x1b): undefined reference to `pthread_create'
collect2: error: ld returned 1 exit status
CMakeFiles/cmTC_d6389.dir/build.make:86: recipe for target 'cmTC_d6389' failed
make[1]: *** [cmTC_d6389] Error 1
make[1]: Leaving directory '/home/wangyuanqi/code/code/sgm_12_30/new_camera_code/cmake-build-debug/CMakeFiles/CMakeTmp'
Makefile:121: recipe for target 'cmTC_d6389/fast' failed
make: *** [cmTC_d6389/fast] Error 2

File /home/wangyuanqi/code/code/sgm_12_30/new_camera_code/cmake-build-debug/CMakeFiles/CMakeTmp/CheckSymbolExists.c:
/* */
#include <pthread.h>

int main(int argc, char** argv)
{
  (void)argv;
#ifndef pthread_create
  return ((int*)(&pthread_create))[argc];
#else
  (void)argc;
  return 0;
#endif
}

Determining if the function pthread_create exists in the pthreads failed with the following output:
Change Dir: /home/wangyuanqi/code/code/sgm_12_30/new_camera_code/cmake-build-debug/CMakeFiles/CMakeTmp

Run Build Command:"/usr/bin/make" "cmTC_7072e/fast"
/usr/bin/make -f CMakeFiles/cmTC_7072e.dir/build.make CMakeFiles/cmTC_7072e.dir/build
make[1]: Entering directory '/home/wangyuanqi/code/code/sgm_12_30/new_camera_code/cmake-build-debug/CMakeFiles/CMakeTmp'
Building C object CMakeFiles/cmTC_7072e.dir/CheckFunctionExists.c.o
/usr/bin/cc   -fPIC -DCHECK_FUNCTION_EXISTS=pthread_create   -o CMakeFiles/cmTC_7072e.dir/CheckFunctionExists.c.o   -c /home/Jet/clion-2018.3.4/bin/cmake/linux/share/cmake-3.13/Modules/CheckFunctionExists.c
Linking C executable cmTC_7072e
/home/Jet/clion-2018.3.4/bin/cmake/linux/bin/cmake -E cmake_link_script CMakeFiles/cmTC_7072e.dir/link.txt --verbose=1
/usr/bin/cc -fPIC -DCHECK_FUNCTION_EXISTS=pthread_create    -rdynamic CMakeFiles/cmTC_7072e.dir/CheckFunctionExists.c.o  -o cmTC_7072e -lpthreads 
/usr/bin/ld: cannot find -lpthreads
collect2: error: ld returned 1 exit status
CMakeFiles/cmTC_7072e.dir/build.make:86: recipe for target 'cmTC_7072e' failed
make[1]: *** [cmTC_7072e] Error 1
make[1]: Leaving directory '/home/wangyuanqi/code/code/sgm_12_30/new_camera_code/cmake-build-debug/CMakeFiles/CMakeTmp'
Makefile:121: recipe for target 'cmTC_7072e/fast' failed
make: *** [cmTC_7072e/fast] Error 2


