Determining if the pthread_create exist failed with the following output:
Change Dir: /home/wangyuanqi/code/code/sgm_12_30/camera_5_code/new_build/CMakeFiles/CMakeTmp

Run Build Command:"/usr/bin/make" "cmTC_92dd2/fast"
/usr/bin/make -f CMakeFiles/cmTC_92dd2.dir/build.make CMakeFiles/cmTC_92dd2.dir/build
make[1]: Entering directory '/home/wangyuanqi/code/code/sgm_12_30/camera_5_code/new_build/CMakeFiles/CMakeTmp'
Building C object CMakeFiles/cmTC_92dd2.dir/CheckSymbolExists.c.o
/usr/bin/cc   -fPIC    -o CMakeFiles/cmTC_92dd2.dir/CheckSymbolExists.c.o   -c /home/wangyuanqi/code/code/sgm_12_30/camera_5_code/new_build/CMakeFiles/CMakeTmp/CheckSymbolExists.c
Linking C executable cmTC_92dd2
/usr/bin/cmake -E cmake_link_script CMakeFiles/cmTC_92dd2.dir/link.txt --verbose=1
/usr/bin/cc -fPIC     -rdynamic CMakeFiles/cmTC_92dd2.dir/CheckSymbolExists.c.o  -o cmTC_92dd2 
CMakeFiles/cmTC_92dd2.dir/CheckSymbolExists.c.o: In function `main':
CheckSymbolExists.c:(.text+0x1b): undefined reference to `pthread_create'
collect2: error: ld returned 1 exit status
CMakeFiles/cmTC_92dd2.dir/build.make:97: recipe for target 'cmTC_92dd2' failed
make[1]: *** [cmTC_92dd2] Error 1
make[1]: Leaving directory '/home/wangyuanqi/code/code/sgm_12_30/camera_5_code/new_build/CMakeFiles/CMakeTmp'
Makefile:126: recipe for target 'cmTC_92dd2/fast' failed
make: *** [cmTC_92dd2/fast] Error 2

File /home/wangyuanqi/code/code/sgm_12_30/camera_5_code/new_build/CMakeFiles/CMakeTmp/CheckSymbolExists.c:
/* */
#include <pthread.h>

int main(int argc, char** argv)
{
  (void)argv;
#ifndef pthread_create
  return ((int*)(&pthread_create))[argc];
#else
  (void)argc;
  return 0;
#endif
}

Determining if the function pthread_create exists in the pthreads failed with the following output:
Change Dir: /home/wangyuanqi/code/code/sgm_12_30/camera_5_code/new_build/CMakeFiles/CMakeTmp

Run Build Command:"/usr/bin/make" "cmTC_967ff/fast"
/usr/bin/make -f CMakeFiles/cmTC_967ff.dir/build.make CMakeFiles/cmTC_967ff.dir/build
make[1]: Entering directory '/home/wangyuanqi/code/code/sgm_12_30/camera_5_code/new_build/CMakeFiles/CMakeTmp'
Building C object CMakeFiles/cmTC_967ff.dir/CheckFunctionExists.c.o
/usr/bin/cc   -fPIC -DCHECK_FUNCTION_EXISTS=pthread_create   -o CMakeFiles/cmTC_967ff.dir/CheckFunctionExists.c.o   -c /usr/share/cmake-3.10/Modules/CheckFunctionExists.c
Linking C executable cmTC_967ff
/usr/bin/cmake -E cmake_link_script CMakeFiles/cmTC_967ff.dir/link.txt --verbose=1
/usr/bin/cc -fPIC -DCHECK_FUNCTION_EXISTS=pthread_create    -rdynamic CMakeFiles/cmTC_967ff.dir/CheckFunctionExists.c.o  -o cmTC_967ff -lpthreads 
/usr/bin/ld: cannot find -lpthreads
collect2: error: ld returned 1 exit status
CMakeFiles/cmTC_967ff.dir/build.make:97: recipe for target 'cmTC_967ff' failed
make[1]: *** [cmTC_967ff] Error 1
make[1]: Leaving directory '/home/wangyuanqi/code/code/sgm_12_30/camera_5_code/new_build/CMakeFiles/CMakeTmp'
Makefile:126: recipe for target 'cmTC_967ff/fast' failed
make: *** [cmTC_967ff/fast] Error 2


