Determining if the pthread_create exist failed with the following output:
Change Dir: /home/wangyuanqi/code/code/sgm_12_30/new_camera_code/build/CMakeFiles/CMakeTmp

Run Build Command:"/usr/bin/make" "cmTC_53aa9/fast"
/usr/bin/make -f CMakeFiles/cmTC_53aa9.dir/build.make CMakeFiles/cmTC_53aa9.dir/build
make[1]: Entering directory '/home/wangyuanqi/code/code/sgm_12_30/new_camera_code/build/CMakeFiles/CMakeTmp'
Building C object CMakeFiles/cmTC_53aa9.dir/CheckSymbolExists.c.o
/usr/bin/cc   -fPIC    -o CMakeFiles/cmTC_53aa9.dir/CheckSymbolExists.c.o   -c /home/wangyuanqi/code/code/sgm_12_30/new_camera_code/build/CMakeFiles/CMakeTmp/CheckSymbolExists.c
Linking C executable cmTC_53aa9
/usr/bin/cmake -E cmake_link_script CMakeFiles/cmTC_53aa9.dir/link.txt --verbose=1
/usr/bin/cc -fPIC     -rdynamic CMakeFiles/cmTC_53aa9.dir/CheckSymbolExists.c.o  -o cmTC_53aa9 
CMakeFiles/cmTC_53aa9.dir/CheckSymbolExists.c.o: In function `main':
CheckSymbolExists.c:(.text+0x1b): undefined reference to `pthread_create'
collect2: error: ld returned 1 exit status
CMakeFiles/cmTC_53aa9.dir/build.make:97: recipe for target 'cmTC_53aa9' failed
make[1]: *** [cmTC_53aa9] Error 1
make[1]: Leaving directory '/home/wangyuanqi/code/code/sgm_12_30/new_camera_code/build/CMakeFiles/CMakeTmp'
Makefile:126: recipe for target 'cmTC_53aa9/fast' failed
make: *** [cmTC_53aa9/fast] Error 2

File /home/wangyuanqi/code/code/sgm_12_30/new_camera_code/build/CMakeFiles/CMakeTmp/CheckSymbolExists.c:
/* */
#include <pthread.h>

int main(int argc, char** argv)
{
  (void)argv;
#ifndef pthread_create
  return ((int*)(&pthread_create))[argc];
#else
  (void)argc;
  return 0;
#endif
}

Determining if the function pthread_create exists in the pthreads failed with the following output:
Change Dir: /home/wangyuanqi/code/code/sgm_12_30/new_camera_code/build/CMakeFiles/CMakeTmp

Run Build Command:"/usr/bin/make" "cmTC_9715d/fast"
/usr/bin/make -f CMakeFiles/cmTC_9715d.dir/build.make CMakeFiles/cmTC_9715d.dir/build
make[1]: Entering directory '/home/wangyuanqi/code/code/sgm_12_30/new_camera_code/build/CMakeFiles/CMakeTmp'
Building C object CMakeFiles/cmTC_9715d.dir/CheckFunctionExists.c.o
/usr/bin/cc   -fPIC -DCHECK_FUNCTION_EXISTS=pthread_create   -o CMakeFiles/cmTC_9715d.dir/CheckFunctionExists.c.o   -c /usr/share/cmake-3.10/Modules/CheckFunctionExists.c
Linking C executable cmTC_9715d
/usr/bin/cmake -E cmake_link_script CMakeFiles/cmTC_9715d.dir/link.txt --verbose=1
/usr/bin/cc -fPIC -DCHECK_FUNCTION_EXISTS=pthread_create    -rdynamic CMakeFiles/cmTC_9715d.dir/CheckFunctionExists.c.o  -o cmTC_9715d -lpthreads 
/usr/bin/ld: cannot find -lpthreads
collect2: error: ld returned 1 exit status
CMakeFiles/cmTC_9715d.dir/build.make:97: recipe for target 'cmTC_9715d' failed
make[1]: *** [cmTC_9715d] Error 1
make[1]: Leaving directory '/home/wangyuanqi/code/code/sgm_12_30/new_camera_code/build/CMakeFiles/CMakeTmp'
Makefile:126: recipe for target 'cmTC_9715d/fast' failed
make: *** [cmTC_9715d/fast] Error 2


